{
  "RSpec": {
    "coverage": {
      "/Users/mirandadelaney/Desktop/mod3/projects/pair_project/viewing_party_lite_7/config/environment.rb": {
        "lines": [
          null,
          1,
          null,
          null,
          1
        ]
      },
      "/Users/mirandadelaney/Desktop/mod3/projects/pair_project/viewing_party_lite_7/config/application.rb": {
        "lines": [
          1,
          null,
          1,
          null,
          1,
          1,
          1,
          1,
          1,
          1,
          1,
          1,
          1,
          1,
          null,
          null,
          null,
          null,
          1,
          null,
          1,
          1,
          null,
          1,
          null,
          null,
          null,
          null,
          null,
          null,
          null,
          null,
          null,
          null,
          1,
          null,
          null
        ]
      },
      "/Users/mirandadelaney/Desktop/mod3/projects/pair_project/viewing_party_lite_7/config/boot.rb": {
        "lines": [
          1,
          null,
          1,
          1
        ]
      },
      "/Users/mirandadelaney/Desktop/mod3/projects/pair_project/viewing_party_lite_7/config/environments/test.rb": {
        "lines": [
          1,
          null,
          null,
          null,
          null,
          null,
          null,
          1,
          null,
          null,
          null,
          1,
          null,
          null,
          null,
          null,
          1,
          null,
          null,
          1,
          1,
          null,
          null,
          null,
          null,
          1,
          1,
          1,
          null,
          null,
          1,
          null,
          null,
          1,
          null,
          null,
          1,
          null,
          1,
          null,
          null,
          null,
          null,
          1,
          null,
          null,
          1,
          null,
          null,
          1,
          null,
          null,
          1,
          null,
          null,
          null,
          null,
          null,
          null,
          null
        ]
      },
      "/Users/mirandadelaney/Desktop/mod3/projects/pair_project/viewing_party_lite_7/config/initializers/assets.rb": {
        "lines": [
          null,
          null,
          null,
          1,
          null,
          null,
          null,
          null,
          null,
          null,
          null,
          null
        ]
      },
      "/Users/mirandadelaney/Desktop/mod3/projects/pair_project/viewing_party_lite_7/config/initializers/content_security_policy.rb": {
        "lines": [
          null,
          null,
          null,
          null,
          null,
          null,
          null,
          null,
          null,
          null,
          null,
          null,
          null,
          null,
          null,
          null,
          null,
          null,
          null,
          null,
          null,
          null,
          null,
          null,
          null
        ]
      },
      "/Users/mirandadelaney/Desktop/mod3/projects/pair_project/viewing_party_lite_7/config/initializers/filter_parameter_logging.rb": {
        "lines": [
          null,
          null,
          null,
          null,
          null,
          1,
          null,
          null
        ]
      },
      "/Users/mirandadelaney/Desktop/mod3/projects/pair_project/viewing_party_lite_7/config/initializers/inflections.rb": {
        "lines": [
          null,
          null,
          null,
          null,
          null,
          null,
          null,
          null,
          null,
          null,
          null,
          null,
          null,
          null,
          null,
          null
        ]
      },
      "/Users/mirandadelaney/Desktop/mod3/projects/pair_project/viewing_party_lite_7/config/initializers/permissions_policy.rb": {
        "lines": [
          null,
          null,
          null,
          null,
          null,
          null,
          null,
          null,
          null,
          null,
          null
        ]
      },
      "/Users/mirandadelaney/Desktop/mod3/projects/pair_project/viewing_party_lite_7/config/routes.rb": {
        "lines": [
          1,
          null,
          null,
          null,
          null,
          null,
          1,
          null,
          1,
          1,
          1,
          1,
          1,
          1,
          null,
          null,
          null,
          null,
          null,
          1,
          1,
          null,
          null
        ]
      },
      "/Users/mirandadelaney/Desktop/mod3/projects/pair_project/viewing_party_lite_7/app/helpers/application_helper.rb": {
        "lines": [
          1,
          null
        ]
      },
      "/Users/mirandadelaney/Desktop/mod3/projects/pair_project/viewing_party_lite_7/poros/movie.rb": {
        "lines": [
          1,
          1,
          null,
          null,
          null,
          null,
          null,
          null,
          null,
          null,
          null,
          null,
          null,
          null,
          1,
          476,
          476,
          476,
          476,
          476,
          476,
          476,
          476,
          476,
          476,
          476,
          null,
          null,
          1,
          5,
          1,
          null,
          4,
          8,
          null,
          null,
          null,
          null,
          1,
          4,
          null,
          null
        ]
      },
      "/Users/mirandadelaney/Desktop/mod3/projects/pair_project/viewing_party_lite_7/facades/movie_search_facade.rb": {
        "lines": [
          1,
          1,
          6,
          6,
          6,
          120,
          null,
          null,
          null,
          1,
          null,
          null,
          null,
          1,
          0,
          0,
          0,
          null,
          null,
          1,
          0,
          0,
          0,
          0,
          null,
          null,
          null,
          1,
          0,
          0,
          0,
          0,
          null,
          null,
          null,
          1,
          0,
          0,
          0,
          null,
          null
        ]
      },
      "/Users/mirandadelaney/Desktop/mod3/projects/pair_project/viewing_party_lite_7/services/movies_search_service.rb": {
        "lines": [
          1,
          1,
          39,
          39,
          null,
          null,
          null,
          1,
          38,
          38,
          null,
          null,
          1,
          9,
          null,
          null,
          1,
          3,
          3,
          3,
          null,
          3,
          3,
          3,
          6,
          null,
          null,
          null,
          null,
          null,
          null,
          null,
          null,
          null,
          null,
          null,
          null,
          null,
          null,
          null,
          null,
          1,
          12,
          12,
          null,
          null,
          1,
          5,
          5,
          295,
          null,
          null,
          null,
          1,
          5,
          5,
          25,
          null,
          null,
          null,
          null,
          null,
          1,
          4,
          4,
          null,
          null
        ]
      },
      "/Users/mirandadelaney/Desktop/mod3/projects/pair_project/viewing_party_lite_7/spec/features/registrations/index_spec.rb": {
        "lines": [
          1,
          null,
          1,
          1,
          3,
          3,
          3,
          null,
          null,
          null,
          1,
          1,
          1,
          1,
          1,
          1,
          1,
          null,
          null,
          1,
          1,
          1,
          1,
          1,
          1,
          1,
          null,
          null,
          1,
          null,
          1,
          1,
          1,
          1,
          1,
          1,
          1,
          1,
          null,
          null,
          null
        ]
      },
      "/Users/mirandadelaney/Desktop/mod3/projects/pair_project/viewing_party_lite_7/spec/features/users/discover/index_spec.rb": {
        "lines": [
          1,
          null,
          1,
          1,
          4,
          4,
          4,
          null,
          null,
          null,
          null,
          null,
          null,
          null,
          null,
          4,
          4,
          null,
          null,
          null,
          null,
          null,
          null,
          null,
          null,
          null,
          null,
          1,
          1,
          1,
          null,
          null,
          1,
          1,
          1,
          1,
          1,
          1,
          null,
          null,
          null,
          1,
          1,
          1,
          1,
          1,
          null,
          null,
          null,
          1,
          1,
          1,
          1,
          1,
          1,
          1,
          null,
          null,
          null
        ]
      },
      "/Users/mirandadelaney/Desktop/mod3/projects/pair_project/viewing_party_lite_7/spec/features/users/discover/results/index_spec.rb": {
        "lines": [
          1,
          null,
          1,
          1,
          3,
          3,
          3,
          null,
          null,
          null,
          null,
          null,
          null,
          null,
          null,
          null,
          null,
          1,
          1,
          1,
          1,
          1,
          null,
          null,
          null,
          1,
          1,
          1,
          1,
          null,
          null,
          1,
          1,
          1,
          1,
          1,
          1,
          null,
          null
        ]
      },
      "/Users/mirandadelaney/Desktop/mod3/projects/pair_project/viewing_party_lite_7/spec/features/users/discover/results/parties/new_spec.rb": {
        "lines": [
          1,
          null,
          1,
          1,
          null,
          4,
          null,
          null,
          null,
          null,
          null,
          null,
          null,
          null,
          null,
          null,
          null,
          4,
          4,
          4,
          null,
          null,
          1,
          1,
          1,
          null,
          null,
          null,
          null,
          null,
          null,
          null,
          null,
          1,
          1,
          null,
          null,
          1,
          1,
          1,
          null,
          null,
          null,
          null,
          null,
          null,
          null,
          null,
          1,
          1,
          1,
          1,
          1,
          1,
          null,
          null,
          1,
          1,
          1,
          1,
          null,
          null,
          null,
          null,
          null,
          null,
          null,
          null,
          1,
          1,
          1,
          1,
          1,
          1,
          1,
          1,
          null,
          null,
          null,
          1,
          null,
          null,
          null,
          null,
          null,
          null,
          null,
          null,
          null,
          null,
          1,
          1,
          1,
          null,
          null,
          null,
          null,
          null,
          null,
          null,
          null,
          1,
          1,
          1,
          1,
          1,
          1,
          1,
          null,
          null,
          null
        ]
      },
      "/Users/mirandadelaney/Desktop/mod3/projects/pair_project/viewing_party_lite_7/spec/features/users/discover/results/show_spec.rb": {
        "lines": [
          1,
          null,
          1,
          1,
          3,
          3,
          3,
          3,
          null,
          3,
          null,
          null,
          null,
          null,
          null,
          null,
          null,
          null,
          3,
          null,
          null,
          null,
          null,
          null,
          null,
          null,
          null,
          3,
          null,
          null,
          null,
          null,
          null,
          null,
          null,
          null,
          null,
          null,
          null,
          1,
          1,
          1,
          1,
          1,
          null,
          null,
          1,
          1,
          1,
          1,
          1,
          null,
          null,
          1,
          null,
          null,
          1,
          1,
          1,
          1,
          1,
          1,
          1,
          1,
          1,
          1,
          1,
          1,
          null,
          null
        ]
      },
      "/Users/mirandadelaney/Desktop/mod3/projects/pair_project/viewing_party_lite_7/spec/features/users/show_spec.rb": {
        "lines": [
          1,
          null,
          1,
          1,
          4,
          null,
          null,
          1,
          1,
          1,
          null,
          null,
          1,
          1,
          1,
          null,
          null,
          1,
          1,
          1,
          1,
          null,
          null,
          null,
          1,
          1,
          1,
          null,
          null
        ]
      },
      "/Users/mirandadelaney/Desktop/mod3/projects/pair_project/viewing_party_lite_7/spec/features/welcome/index_spec.rb": {
        "lines": [
          1,
          null,
          1,
          1,
          2,
          2,
          2,
          null,
          null,
          null,
          1,
          1,
          null,
          null,
          1,
          1,
          1,
          1,
          1,
          1,
          1,
          1,
          null,
          null,
          1,
          1,
          null,
          1,
          1,
          null,
          null,
          null
        ]
      },
      "/Users/mirandadelaney/Desktop/mod3/projects/pair_project/viewing_party_lite_7/spec/models/party_spec.rb": {
        "lines": [
          1,
          null,
          1,
          1,
          2,
          2,
          null,
          null,
          1,
          2,
          2,
          2,
          2,
          null,
          null,
          1,
          null,
          8,
          null,
          null,
          null,
          null,
          null,
          null,
          null,
          null,
          null,
          null,
          null,
          8,
          8,
          8,
          null,
          null,
          1,
          1,
          null,
          null,
          null,
          null,
          null,
          null,
          1,
          null,
          null,
          1,
          1,
          null,
          null,
          null,
          null,
          null,
          null,
          1,
          null,
          null,
          null
        ]
      },
      "/Users/mirandadelaney/Desktop/mod3/projects/pair_project/viewing_party_lite_7/app/models/party.rb": {
        "lines": [
          1,
          1,
          1,
          null,
          1,
          null,
          1,
          4,
          null,
          null,
          null,
          null,
          null,
          null,
          4,
          2,
          null,
          null,
          2,
          2,
          null,
          null
        ]
      },
      "/Users/mirandadelaney/Desktop/mod3/projects/pair_project/viewing_party_lite_7/app/models/application_record.rb": {
        "lines": [
          1,
          1,
          null
        ]
      },
      "/Users/mirandadelaney/Desktop/mod3/projects/pair_project/viewing_party_lite_7/spec/models/user_party_spec.rb": {
        "lines": [
          1,
          null,
          1,
          1,
          2,
          2,
          null,
          null,
          1,
          2,
          null,
          null,
          1,
          null,
          null
        ]
      },
      "/Users/mirandadelaney/Desktop/mod3/projects/pair_project/viewing_party_lite_7/app/models/user_party.rb": {
        "lines": [
          1,
          1,
          1,
          null,
          1,
          null
        ]
      },
      "/Users/mirandadelaney/Desktop/mod3/projects/pair_project/viewing_party_lite_7/spec/models/user_spec.rb": {
        "lines": [
          1,
          null,
          1,
          1,
          2,
          2,
          null,
          null,
          1,
          2,
          2,
          2,
          null,
          null,
          1,
          5,
          5,
          5,
          null,
          null
        ]
      },
      "/Users/mirandadelaney/Desktop/mod3/projects/pair_project/viewing_party_lite_7/app/models/user.rb": {
        "lines": [
          1,
          1,
          1,
          null,
          1,
          1,
          null
        ]
      },
      "/Users/mirandadelaney/Desktop/mod3/projects/pair_project/viewing_party_lite_7/spec/poros/movie_spec.rb": {
        "lines": [
          1,
          null,
          1,
          1,
          null,
          1,
          null,
          null,
          null,
          null,
          null,
          null,
          null,
          null,
          null,
          null,
          null,
          1,
          null,
          null,
          1,
          null,
          null,
          null,
          null,
          null,
          null,
          null,
          null,
          null,
          null,
          null,
          null,
          null,
          null,
          null,
          null,
          null,
          null,
          null,
          null,
          1,
          null,
          null,
          1,
          1,
          null,
          null,
          1,
          1,
          1,
          1,
          1,
          1,
          1,
          1,
          1,
          1,
          1,
          1,
          null,
          null,
          1,
          1,
          1,
          null,
          null,
          1,
          1,
          null,
          null,
          null,
          1,
          1,
          1,
          null,
          null,
          null
        ]
      },
      "/Users/mirandadelaney/Desktop/mod3/projects/pair_project/viewing_party_lite_7/spec/services/movie_search_service_spec.rb": {
        "lines": [
          1,
          null,
          1,
          1,
          8,
          null,
          null,
          1,
          1,
          1,
          1,
          null,
          null,
          null,
          null,
          null,
          null,
          null,
          null,
          1,
          1,
          null,
          1,
          1,
          1,
          null,
          null,
          null,
          1,
          1,
          1,
          1,
          null,
          null,
          null,
          null,
          null,
          null,
          null,
          null,
          1,
          1,
          null,
          null,
          null,
          1,
          1,
          1,
          null,
          null,
          null,
          1,
          1,
          1,
          1,
          null,
          null,
          null,
          null,
          null,
          null,
          null,
          null,
          1,
          1,
          1,
          null,
          null,
          null,
          1,
          1,
          1,
          1,
          null,
          null,
          null,
          null,
          null,
          null,
          null,
          null,
          1,
          null,
          null,
          null,
          1,
          1,
          1,
          1,
          null,
          null,
          null,
          null,
          null,
          null,
          null,
          null,
          1,
          1,
          null,
          null,
          null,
          1,
          1,
          1,
          1,
          null,
          null,
          null,
          null,
          null,
          null,
          null,
          null,
          1,
          1,
          null,
          null,
          null,
          1,
          1,
          1,
          1,
          null,
          null,
          null,
          null,
          null,
          null,
          null,
          null,
          1,
          null,
          null,
          null
        ]
      },
      "/Users/mirandadelaney/Desktop/mod3/projects/pair_project/viewing_party_lite_7/app/controllers/registration_controller.rb": {
        "lines": [
          1,
          1,
          4,
          null,
          null,
          1,
          2,
          null,
          2,
          1,
          null,
          1,
          1,
          null,
          null,
          null,
          1,
          null,
          1,
          2,
          null,
          null
        ]
      },
      "/Users/mirandadelaney/Desktop/mod3/projects/pair_project/viewing_party_lite_7/app/controllers/application_controller.rb": {
        "lines": [
          1,
          1,
          null,
          1,
          null,
          1,
          0,
          null,
          null
        ]
      },
      "/Users/mirandadelaney/Desktop/mod3/projects/pair_project/viewing_party_lite_7/app/controllers/users_controller.rb": {
        "lines": [
          1,
          1,
          0,
          null,
          null,
          1,
          null,
          1,
          6,
          null,
          null
        ]
      },
      "/Users/mirandadelaney/Desktop/mod3/projects/pair_project/viewing_party_lite_7/app/controllers/users/discover_controller.rb": {
        "lines": [
          1,
          1,
          10,
          null,
          null
        ]
      },
      "/Users/mirandadelaney/Desktop/mod3/projects/pair_project/viewing_party_lite_7/app/controllers/users/discover/results_controller.rb": {
        "lines": [
          1,
          1,
          1,
          1,
          1,
          5,
          5,
          5,
          5,
          4,
          1,
          1,
          null,
          null,
          null,
          1,
          3,
          3,
          3,
          3,
          3,
          3,
          null,
          null
        ]
      },
      "/Users/mirandadelaney/Desktop/mod3/projects/pair_project/viewing_party_lite_7/app/controllers/users/discover/results/parties_controller.rb": {
        "lines": [
          1,
          1,
          1,
          6,
          6,
          6,
          6,
          null,
          null,
          1,
          2,
          2,
          2,
          2,
          2,
          1,
          1,
          2,
          0,
          null,
          null,
          1,
          null,
          1,
          1,
          null,
          null,
          null,
          1,
          null,
          1,
          0,
          null,
          null
        ]
      },
      "/Users/mirandadelaney/Desktop/mod3/projects/pair_project/viewing_party_lite_7/app/controllers/welcome_controller.rb": {
        "lines": [
          1,
          null,
          1,
          3,
          null,
          null,
          null
        ]
      }
    },
    "timestamp": 1701476355
  }
}
