{
  "RSpec": {
    "coverage": {
      "/Users/annawiley/turing_work/3mod/projects/viewing_party_lite_7/config/environment.rb": {
        "lines": [
          null,
          1,
          null,
          null,
          1
        ]
      },
      "/Users/annawiley/turing_work/3mod/projects/viewing_party_lite_7/config/application.rb": {
        "lines": [
          1,
          null,
          1,
          null,
          1,
          1,
          1,
          1,
          1,
          1,
          1,
          1,
          1,
          1,
          null,
          null,
          null,
          null,
          1,
          null,
          1,
          1,
          null,
          1,
          null,
          null,
          null,
          null,
          null,
          null,
          null,
          null,
          null,
          null,
          1,
          null,
          null
        ]
      },
      "/Users/annawiley/turing_work/3mod/projects/viewing_party_lite_7/config/boot.rb": {
        "lines": [
          1,
          null,
          1,
          1
        ]
      },
      "/Users/annawiley/turing_work/3mod/projects/viewing_party_lite_7/config/environments/test.rb": {
        "lines": [
          1,
          null,
          null,
          null,
          null,
          null,
          null,
          1,
          null,
          null,
          null,
          1,
          null,
          null,
          null,
          null,
          1,
          null,
          null,
          1,
          1,
          null,
          null,
          null,
          null,
          1,
          1,
          1,
          null,
          null,
          1,
          null,
          null,
          1,
          null,
          null,
          1,
          null,
          1,
          null,
          null,
          null,
          null,
          1,
          null,
          null,
          1,
          null,
          null,
          1,
          null,
          null,
          1,
          null,
          null,
          null,
          null,
          null,
          null,
          null
        ]
      },
      "/Users/annawiley/turing_work/3mod/projects/viewing_party_lite_7/config/initializers/assets.rb": {
        "lines": [
          null,
          null,
          null,
          1,
          null,
          null,
          null,
          null,
          null,
          null,
          null,
          null
        ]
      },
      "/Users/annawiley/turing_work/3mod/projects/viewing_party_lite_7/config/initializers/content_security_policy.rb": {
        "lines": [
          null,
          null,
          null,
          null,
          null,
          null,
          null,
          null,
          null,
          null,
          null,
          null,
          null,
          null,
          null,
          null,
          null,
          null,
          null,
          null,
          null,
          null,
          null,
          null,
          null
        ]
      },
      "/Users/annawiley/turing_work/3mod/projects/viewing_party_lite_7/config/initializers/filter_parameter_logging.rb": {
        "lines": [
          null,
          null,
          null,
          null,
          null,
          1,
          null,
          null
        ]
      },
      "/Users/annawiley/turing_work/3mod/projects/viewing_party_lite_7/config/initializers/inflections.rb": {
        "lines": [
          null,
          null,
          null,
          null,
          null,
          null,
          null,
          null,
          null,
          null,
          null,
          null,
          null,
          null,
          null,
          null
        ]
      },
      "/Users/annawiley/turing_work/3mod/projects/viewing_party_lite_7/config/initializers/permissions_policy.rb": {
        "lines": [
          null,
          null,
          null,
          null,
          null,
          null,
          null,
          null,
          null,
          null,
          null
        ]
      },
      "/Users/annawiley/turing_work/3mod/projects/viewing_party_lite_7/spec/factories/users.rb": {
        "lines": [
          1,
          1,
          9,
          9,
          null,
          null
        ]
      },
      "/Users/annawiley/turing_work/3mod/projects/viewing_party_lite_7/spec/factories/viewing_parties.rb": {
        "lines": [
          1,
          1,
          1,
          null,
          null
        ]
      },
      "/Users/annawiley/turing_work/3mod/projects/viewing_party_lite_7/config/routes.rb": {
        "lines": [
          1,
          null,
          1,
          1,
          1,
          1,
          null,
          1,
          null,
          null
        ]
      },
      "/Users/annawiley/turing_work/3mod/projects/viewing_party_lite_7/app/helpers/application_helper.rb": {
        "lines": [
          1,
          null
        ]
      },
      "/Users/annawiley/turing_work/3mod/projects/viewing_party_lite_7/app/facades/search_facade.rb": {
        "lines": [
          1,
          1,
          8,
          null,
          null,
          1,
          8,
          null,
          null,
          1,
          7,
          7,
          140,
          null,
          null,
          null,
          1,
          1,
          1,
          20,
          null,
          null,
          null,
          1,
          6,
          6,
          null,
          0,
          null,
          null,
          null
        ]
      },
      "/Users/annawiley/turing_work/3mod/projects/viewing_party_lite_7/spec/features/movies/discover_spec.rb": {
        "lines": [
          1,
          null,
          1,
          1,
          2,
          2,
          2,
          null,
          null,
          1,
          1,
          null,
          1,
          1,
          null,
          null,
          1,
          1,
          1,
          1,
          null,
          1,
          1,
          null,
          null
        ]
      },
      "/Users/annawiley/turing_work/3mod/projects/viewing_party_lite_7/spec/features/movies/index_spec.rb": {
        "lines": [
          1,
          null,
          1,
          1,
          3,
          3,
          null,
          null,
          1,
          1,
          1,
          null,
          null,
          1,
          1,
          null,
          1,
          null,
          1,
          1,
          1,
          null,
          null,
          null,
          1,
          null,
          null,
          null
        ]
      },
      "/Users/annawiley/turing_work/3mod/projects/viewing_party_lite_7/spec/features/user/new_spec.rb": {
        "lines": [
          1,
          null,
          1,
          1,
          5,
          null,
          null,
          1,
          1,
          1,
          1,
          null,
          null,
          1,
          1,
          null,
          null,
          null,
          1,
          1,
          1,
          1,
          1,
          1,
          null,
          1,
          1,
          null,
          null,
          null,
          1,
          1,
          2,
          2,
          2,
          null,
          2,
          null,
          2,
          2,
          2,
          null,
          null,
          1,
          1,
          null,
          null,
          1,
          1,
          1,
          1,
          null,
          null,
          null,
          null
        ]
      },
      "/Users/annawiley/turing_work/3mod/projects/viewing_party_lite_7/spec/features/user/show_spec.rb": {
        "lines": [
          1,
          null,
          1,
          1,
          2,
          2,
          null,
          null,
          1,
          1,
          null,
          null,
          1,
          1,
          null,
          null,
          1,
          null,
          null,
          null
        ]
      },
      "/Users/annawiley/turing_work/3mod/projects/viewing_party_lite_7/spec/features/welcome_spec.rb": {
        "lines": [
          1,
          null,
          1,
          1,
          1,
          1,
          null,
          1,
          null,
          1,
          1,
          1,
          null,
          null,
          1,
          null,
          1,
          1,
          1,
          1,
          1,
          null,
          1,
          null,
          1,
          1,
          1,
          1,
          null,
          null,
          1,
          null,
          1,
          1,
          1,
          1,
          null,
          null,
          1,
          null,
          1,
          1,
          1,
          1,
          null,
          null,
          null,
          null,
          null
        ]
      },
      "/Users/annawiley/turing_work/3mod/projects/viewing_party_lite_7/spec/models/user_spec.rb": {
        "lines": [
          1,
          null,
          1,
          null,
          1,
          2,
          2,
          2,
          null,
          null,
          1,
          2,
          2,
          null,
          null
        ]
      },
      "/Users/annawiley/turing_work/3mod/projects/viewing_party_lite_7/app/models/user.rb": {
        "lines": [
          1,
          1,
          1,
          null,
          1,
          1,
          null
        ]
      },
      "/Users/annawiley/turing_work/3mod/projects/viewing_party_lite_7/app/models/application_record.rb": {
        "lines": [
          1,
          1,
          null
        ]
      },
      "/Users/annawiley/turing_work/3mod/projects/viewing_party_lite_7/spec/models/viewing_party_spec.rb": {
        "lines": [
          1,
          null,
          1,
          1,
          null,
          null,
          null,
          1,
          2,
          2,
          2,
          null,
          null
        ]
      },
      "/Users/annawiley/turing_work/3mod/projects/viewing_party_lite_7/app/models/viewing_party.rb": {
        "lines": [
          1,
          1,
          1,
          1,
          null
        ]
      },
      "/Users/annawiley/turing_work/3mod/projects/viewing_party_lite_7/spec/models/viewing_party_user_spec.rb": {
        "lines": [
          1,
          null,
          1,
          1,
          2,
          2,
          null,
          null
        ]
      },
      "/Users/annawiley/turing_work/3mod/projects/viewing_party_lite_7/app/models/viewing_party_user.rb": {
        "lines": [
          1,
          1,
          1,
          null
        ]
      },
      "/Users/annawiley/turing_work/3mod/projects/viewing_party_lite_7/spec/services/movie_service_spec.rb": {
        "lines": [
          1,
          null,
          1,
          1,
          1,
          1,
          1,
          null,
          1,
          1,
          null,
          1,
          null,
          1,
          1,
          null,
          1,
          1,
          null,
          1,
          1,
          null,
          1,
          1,
          null,
          null,
          1,
          1,
          1,
          null,
          1,
          1,
          null,
          1,
          null,
          1,
          1,
          null,
          1,
          1,
          null,
          1,
          1,
          null,
          1,
          1,
          null,
          null,
          null,
          null
        ]
      },
      "/Users/annawiley/turing_work/3mod/projects/viewing_party_lite_7/app/services/movie_service.rb": {
        "lines": [
          1,
          null,
          1,
          10,
          null,
          null,
          null,
          1,
          10,
          10,
          null,
          10,
          null,
          null,
          1,
          8,
          null,
          null,
          1,
          2,
          null,
          null
        ]
      },
      "/Users/annawiley/turing_work/3mod/projects/viewing_party_lite_7/app/poros/movie.rb": {
        "lines": [
          1,
          null,
          1,
          null,
          1,
          160,
          160,
          160,
          null,
          null
        ]
      },
      "/Users/annawiley/turing_work/3mod/projects/viewing_party_lite_7/app/controllers/movies_controller.rb": {
        "lines": [
          1,
          1,
          2,
          null,
          null,
          1,
          4,
          null,
          null
        ]
      },
      "/Users/annawiley/turing_work/3mod/projects/viewing_party_lite_7/app/controllers/application_controller.rb": {
        "lines": [
          1,
          null
        ]
      },
      "/Users/annawiley/turing_work/3mod/projects/viewing_party_lite_7/app/controllers/users_controller.rb": {
        "lines": [
          1,
          1,
          null,
          null,
          1,
          5,
          5,
          3,
          null,
          2,
          2,
          null,
          null,
          null,
          1,
          8,
          null,
          null,
          1,
          null,
          1,
          5,
          null,
          null
        ]
      },
      "/Users/annawiley/turing_work/3mod/projects/viewing_party_lite_7/app/controllers/welcome_controller.rb": {
        "lines": [
          1,
          1,
          4,
          null,
          null
        ]
      }
    },
    "timestamp": 1692912794
  }
}
